<?xml version="1.0" encoding="UTF-8"?>
<testsuite xmlns:xsi="http://www.w3.org/2001/XMLSchema-instance" xsi:noNamespaceSchemaLocation="https://maven.apache.org/surefire/maven-surefire-plugin/xsd/surefire-test-report-3.0.xsd" version="3.0" name="com.example.ledgerservice.controller.LedgerControllerIntegrationTest" time="9.99" tests="5" errors="2" skipped="0" failures="0">
  <properties>
[...]
</properties>
  <testcase name="applyTransfer_shouldBeIdempotent" classname="com.example.ledgerservice.controller.LedgerControllerIntegrationTest" time="0.558">
    <error message="Request processing failed: org.springframework.transaction.UnexpectedRollbackException: Transaction silently rolled back because it has been marked as rollback-only" type="jakarta.servlet.ServletException"><![CDATA[jakarta.servlet.ServletException: Request processing failed: org.springframework.transaction.UnexpectedRollbackException: Transaction silently rolled back because it has been marked as rollback-only
	at org.springframework.web.servlet.FrameworkServlet.processRequest(FrameworkServlet.java:1022)
	at org.springframework.web.servlet.FrameworkServlet.doPost(FrameworkServlet.java:914)
	at jakarta.servlet.http.HttpServlet.service(HttpServlet.java:590)
	at org.springframework.web.servlet.FrameworkServlet.service(FrameworkServlet.java:885)
	at org.springframework.test.web.servlet.TestDispatcherServlet.service(TestDispatcherServlet.java:72)
	at jakarta.servlet.http.HttpServlet.service(HttpServlet.java:658)
	at org.springframework.mock.web.MockFilterChain$ServletFilterProxy.doFilter(MockFilterChain.java:165)
	at org.springframework.mock.web.MockFilterChain.doFilter(MockFilterChain.java:132)
	at com.example.ledgerservice.filter.RequestCorrelationFilter.doFilterInternal(RequestCorrelationFilter.java:29)
	at org.springframework.web.filter.OncePerRequestFilter.doFilter(OncePerRequestFilter.java:116)
	at org.springframework.test.web.servlet.setup.MockMvcFilterDecorator.doFilter(MockMvcFilterDecorator.java:151)
	at org.springframework.mock.web.MockFilterChain.doFilter(MockFilterChain.java:132)
	at org.springframework.web.filter.RequestContextFilter.doFilterInternal(RequestContextFilter.java:100)
	at org.springframework.web.filter.OncePerRequestFilter.doFilter(OncePerRequestFilter.java:116)
	at org.springframework.test.web.servlet.setup.MockMvcFilterDecorator.doFilter(MockMvcFilterDecorator.java:151)
	at org.springframework.mock.web.MockFilterChain.doFilter(MockFilterChain.java:132)
	at org.springframework.web.filter.FormContentFilter.doFilterInternal(FormContentFilter.java:93)
	at org.springframework.web.filter.OncePerRequestFilter.doFilter(OncePerRequestFilter.java:116)
	at org.springframework.test.web.servlet.setup.MockMvcFilterDecorator.doFilter(MockMvcFilterDecorator.java:151)
	at org.springframework.mock.web.MockFilterChain.doFilter(MockFilterChain.java:132)
	at org.springframework.web.filter.ServerHttpObservationFilter.doFilterInternal(ServerHttpObservationFilter.java:109)
	at org.springframework.web.filter.OncePerRequestFilter.doFilter(OncePerRequestFilter.java:116)
	at org.springframework.test.web.servlet.setup.MockMvcFilterDecorator.doFilter(MockMvcFilterDecorator.java:151)
	at org.springframework.mock.web.MockFilterChain.doFilter(MockFilterChain.java:132)
	at org.springframework.web.filter.CharacterEncodingFilter.doFilterInternal(CharacterEncodingFilter.java:201)
	at org.springframework.web.filter.OncePerRequestFilter.doFilter(OncePerRequestFilter.java:116)
	at org.springframework.test.web.servlet.setup.MockMvcFilterDecorator.doFilter(MockMvcFilterDecorator.java:151)
	at org.springframework.mock.web.MockFilterChain.doFilter(MockFilterChain.java:132)
	at org.springframework.test.web.servlet.MockMvc.perform(MockMvc.java:201)
	at com.example.ledgerservice.controller.LedgerControllerIntegrationTest.applyTransfer_shouldBeIdempotent(LedgerControllerIntegrationTest.java:125)
	at java.base/java.lang.reflect.Method.invoke(Method.java:580)
	at java.base/java.util.ArrayList.forEach(ArrayList.java:1596)
	at java.base/java.util.ArrayList.forEach(ArrayList.java:1596)
Caused by: org.springframework.transaction.UnexpectedRollbackException: Transaction silently rolled back because it has been marked as rollback-only
	at org.springframework.transaction.support.AbstractPlatformTransactionManager.processCommit(AbstractPlatformTransactionManager.java:803)
	at org.springframework.transaction.support.AbstractPlatformTransactionManager.commit(AbstractPlatformTransactionManager.java:757)
	at org.springframework.transaction.interceptor.TransactionAspectSupport.commitTransactionAfterReturning(TransactionAspectSupport.java:676)
	at org.springframework.transaction.interceptor.TransactionAspectSupport.invokeWithinTransaction(TransactionAspectSupport.java:426)
	at org.springframework.transaction.interceptor.TransactionInterceptor.invoke(TransactionInterceptor.java:119)
	at org.springframework.aop.framework.ReflectiveMethodInvocation.proceed(ReflectiveMethodInvocation.java:184)
	at org.springframework.aop.framework.CglibAopProxy$CglibMethodInvocation.proceed(CglibAopProxy.java:768)
	at org.springframework.aop.framework.CglibAopProxy$DynamicAdvisedInterceptor.intercept(CglibAopProxy.java:720)
	at com.example.ledgerservice.service.LedgerServiceImpl$$SpringCGLIB$$0.applyTransfer(<generated>)
	at com.example.ledgerservice.controller.LedgerController.applyTransfer(LedgerController.java:44)
	at java.base/jdk.internal.reflect.DirectMethodHandleAccessor.invoke(DirectMethodHandleAccessor.java:103)
	at java.base/java.lang.reflect.Method.invoke(Method.java:580)
	at org.springframework.web.method.support.InvocableHandlerMethod.doInvoke(InvocableHandlerMethod.java:255)
	at org.springframework.web.method.support.InvocableHandlerMethod.invokeForRequest(InvocableHandlerMethod.java:188)
	at org.springframework.web.servlet.mvc.method.annotation.ServletInvocableHandlerMethod.invokeAndHandle(ServletInvocableHandlerMethod.java:118)
	at org.springframework.web.servlet.mvc.method.annotation.RequestMappingHandlerAdapter.invokeHandlerMethod(RequestMappingHandlerAdapter.java:926)
	at org.springframework.web.servlet.mvc.method.annotation.RequestMappingHandlerAdapter.handleInternal(RequestMappingHandlerAdapter.java:831)
	at org.springframework.web.servlet.mvc.method.AbstractHandlerMethodAdapter.handle(AbstractHandlerMethodAdapter.java:87)
	at org.springframework.web.servlet.DispatcherServlet.doDispatch(DispatcherServlet.java:1089)
	at org.springframework.web.servlet.DispatcherServlet.doService(DispatcherServlet.java:979)
	at org.springframework.web.servlet.FrameworkServlet.processRequest(FrameworkServlet.java:1014)
	... 32 more
]]></error>
    <system-out><![CDATA[11:54:36.051 [main] INFO org.springframework.test.context.support.AnnotationConfigContextLoaderUtils -- Could not detect default configuration classes for test class [com.example.ledgerservice.controller.LedgerControllerIntegrationTest]: LedgerControllerIntegrationTest does not declare any static, non-private, non-final, nested classes annotated with @Configuration.
11:54:36.308 [main] INFO org.springframework.boot.test.context.SpringBootTestContextBootstrapper -- Found @SpringBootConfiguration com.example.ledgerservice.LedgerServiceApplication for test class com.example.ledgerservice.controller.LedgerControllerIntegrationTest

  .   ____          _            __ _ _
 /\\ / ___'_ __ _ _(_)_ __  __ _ \ \ \ \
( ( )\___ | '_ | '_| | '_ \/ _` | \ \ \ \
 \\/  ___)| |_)| | | | | || (_| |  ) ) ) )
  '  |____| .__|_| |_|_| |_\__, | / / / /
 =========|_|==============|___/=/_/_/_/
 :: Spring Boot ::                (v3.2.5)

2025-08-03 11:54:37.467  INFO 18669 --- [main] c.e.l.c.LedgerControllerIntegrationTest  [] : Starting LedgerControllerIntegrationTest using Java 21.0.8 with PID 18669 (started by jules in /app/ledger-service)
2025-08-03 11:54:37.468  INFO 18669 --- [main] c.e.l.c.LedgerControllerIntegrationTest  [] : No active profile set, falling back to 1 default profile: "default"
2025-08-03 11:54:38.964  INFO 18669 --- [main] .s.d.r.c.RepositoryConfigurationDelegate [] : Bootstrapping Spring Data JPA repositories in DEFAULT mode.
2025-08-03 11:54:39.033  INFO 18669 --- [main] .s.d.r.c.RepositoryConfigurationDelegate [] : Finished Spring Data repository scanning in 58 ms. Found 2 JPA repository interfaces.
2025-08-03 11:54:39.945  INFO 18669 --- [main] o.hibernate.jpa.internal.util.LogHelper  [] : HHH000204: Processing PersistenceUnitInfo [name: default]
2025-08-03 11:54:40.067  INFO 18669 --- [main] org.hibernate.Version                    [] : HHH000412: Hibernate ORM core version 6.4.4.Final
2025-08-03 11:54:40.154  INFO 18669 --- [main] o.h.c.internal.RegionFactoryInitiator    [] : HHH000026: Second-level cache disabled
2025-08-03 11:54:40.417  INFO 18669 --- [main] o.s.o.j.p.SpringPersistenceUnitInfo      [] : No LoadTimeWeaver setup: ignoring JPA class transformer
2025-08-03 11:54:40.465  INFO 18669 --- [main] com.zaxxer.hikari.HikariDataSource       [] : HikariPool-1 - Starting...
2025-08-03 11:54:40.771  INFO 18669 --- [main] com.zaxxer.hikari.pool.HikariPool        [] : HikariPool-1 - Added connection conn0: url=jdbc:h2:mem:ledgerdb user=SA
2025-08-03 11:54:40.774  INFO 18669 --- [main] com.zaxxer.hikari.HikariDataSource       [] : HikariPool-1 - Start completed.
2025-08-03 11:54:40.833  WARN 18669 --- [main] org.hibernate.orm.deprecation            [] : HHH90000025: H2Dialect does not need to be specified explicitly using 'hibernate.dialect' (remove the property setting and it will be selected by default)
2025-08-03 11:54:41.753  INFO 18669 --- [main] o.h.e.t.j.p.i.JtaPlatformInitiator       [] : HHH000489: No JTA platform available (set 'hibernate.transaction.jta.platform' to enable JTA platform integration)
Hibernate:
    create table accounts (
        id bigint generated by default as identity,
        balance numeric(38,2) not null,
        version bigint,
        primary key (id)
    )
Hibernate:
    create table ledger_entries (
        id bigint generated by default as identity,
        account_id bigint not null,
        amount numeric(38,2) not null,
        created_at timestamp(6) not null,
        transfer_id varchar(255) not null,
        type varchar(255) not null check (type in ('DEBIT','CREDIT')),
        primary key (id)
    )
Hibernate:
    alter table if exists ledger_entries
       drop constraint if exists idx_transfer_id
Hibernate:
    alter table if exists ledger_entries
       add constraint idx_transfer_id unique (transfer_id)
2025-08-03 11:54:41.834  INFO 18669 --- [main] j.LocalContainerEntityManagerFactoryBean [] : Initialized JPA EntityManagerFactory for persistence unit 'default'
2025-08-03 11:54:42.175  INFO 18669 --- [main] o.s.d.j.r.query.QueryEnhancerFactory     [] : Hibernate is in classpath; If applicable, HQL parser will be used.
2025-08-03 11:54:43.442  WARN 18669 --- [main] JpaBaseConfiguration$JpaWebConfiguration [] : spring.jpa.open-in-view is enabled by default. Therefore, database queries may be performed during view rendering. Explicitly configure spring.jpa.open-in-view to disable this warning
2025-08-03 11:54:44.662  INFO 18669 --- [main] o.s.b.a.h2.H2ConsoleAutoConfiguration    [] : H2 console available at '/h2-console'. Database available at 'jdbc:h2:mem:ledgerdb'
2025-08-03 11:54:44.734  INFO 18669 --- [main] o.s.b.t.m.w.SpringBootMockServletContext [] : Initializing Spring TestDispatcherServlet ''
2025-08-03 11:54:44.734  INFO 18669 --- [main] o.s.t.web.servlet.TestDispatcherServlet  [] : Initializing Servlet ''
2025-08-03 11:54:44.748  INFO 18669 --- [main] o.s.b.a.e.web.EndpointLinksResolver      [] : Exposing 1 endpoint(s) beneath base path '/actuator'
2025-08-03 11:54:44.771  INFO 18669 --- [main] o.s.t.web.servlet.TestDispatcherServlet  [] : Completed initialization in 36 ms
2025-08-03 11:54:44.868  INFO 18669 --- [main] c.e.l.c.LedgerControllerIntegrationTest  [] : Started LedgerControllerIntegrationTest in 8.268 seconds (process running for 13.534)
Hibernate:
    select
        le1_0.id,
        le1_0.account_id,
        le1_0.amount,
        le1_0.created_at,
        le1_0.transfer_id,
        le1_0.type
    from
        ledger_entries le1_0
Hibernate:
    select
        a1_0.id,
        a1_0.balance,
        a1_0.version
    from
        accounts a1_0
Hibernate:
    insert
    into
        accounts
        (balance, version, id)
    values
        (?, ?, default)
Hibernate:
    insert
    into
        accounts
        (balance, version, id)
    values
        (?, ?, default)
Hibernate:
    select
        a1_0.id,
        a1_0.balance,
        a1_0.version
    from
        accounts a1_0
    where
        a1_0.id=? for update
Hibernate:
    select
        a1_0.id,
        a1_0.balance,
        a1_0.version
    from
        accounts a1_0
    where
        a1_0.id=? for update
Hibernate:
    insert
    into
        ledger_entries
        (account_id, amount, created_at, transfer_id, type, id)
    values
        (?, ?, ?, ?, ?, default)
Hibernate:
    insert
    into
        ledger_entries
        (account_id, amount, created_at, transfer_id, type, id)
    values
        (?, ?, ?, ?, ?, default)
2025-08-03 11:54:45.545  WARN 18669 --- [main] o.h.engine.jdbc.spi.SqlExceptionHelper   [d1f2a5d8-9c69-4e1b-8923-ad7d2826035e] : SQL Error: 23505, SQLState: 23505
2025-08-03 11:54:45.545 ERROR 18669 --- [main] o.h.engine.jdbc.spi.SqlExceptionHelper   [d1f2a5d8-9c69-4e1b-8923-ad7d2826035e] : Unique index or primary key violation: "PUBLIC.IDX_TRANSFER_ID_INDEX_5 ON PUBLIC.LEDGER_ENTRIES(TRANSFER_ID NULLS FIRST) VALUES ( /* 1 */ 'tx-idempotent-1' )"; SQL statement:
insert into ledger_entries (account_id,amount,created_at,transfer_id,type,id) values (?,?,?,?,?,default) [23505-224]
2025-08-03 11:54:45.552  WARN 18669 --- [main] c.e.l.service.LedgerServiceImpl          [d1f2a5d8-9c69-4e1b-8923-ad7d2826035e] : Idempotent retry for transfer ID: tx-idempotent-1. This is expected and will be suppressed.
2025-08-03 11:54:45.560  INFO 18669 --- [main] c.e.l.c.LedgerControllerIntegrationTest  [] : --- Checking DB state after test ---
Hibernate:
    select
        le1_0.id,
        le1_0.account_id,
        le1_0.amount,
        le1_0.created_at,
        le1_0.transfer_id,
        le1_0.type
    from
        ledger_entries le1_0
Hibernate:
    select
        a1_0.id,
        a1_0.balance,
        a1_0.version
    from
        accounts a1_0
2025-08-03 11:54:45.570  INFO 18669 --- [main] c.e.l.c.LedgerControllerIntegrationTest  [] : Found account: Account(id=1, balance=1000.00, version=0)
2025-08-03 11:54:45.570  INFO 18669 --- [main] c.e.l.c.LedgerControllerIntegrationTest  [] : Found account: Account(id=2, balance=500.00, version=0)
2025-08-03 11:54:45.570  INFO 18669 --- [main] c.e.l.c.LedgerControllerIntegrationTest  [] : --- End of DB state check ---
]]></system-out>
  </testcase>
  <testcase name="getAccount_shouldReturnAccountDetails" classname="com.example.ledgerservice.controller.LedgerControllerIntegrationTest" time="0.132">
    <system-out><![CDATA[Hibernate:
    select
        le1_0.id,
        le1_0.account_id,
        le1_0.amount,
        le1_0.created_at,
        le1_0.transfer_id,
        le1_0.type
    from
        ledger_entries le1_0
Hibernate:
    select
        a1_0.id,
        a1_0.balance,
        a1_0.version
    from
        accounts a1_0
Hibernate:
    delete
    from
        accounts
    where
        id=?
        and version=?
Hibernate:
    delete
    from
        accounts
    where
        id=?
        and version=?
Hibernate:
    insert
    into
        accounts
        (balance, version, id)
    values
        (?, ?, default)
Hibernate:
    insert
    into
        accounts
        (balance, version, id)
    values
        (?, ?, default)
Hibernate:
    select
        a1_0.id,
        a1_0.balance,
        a1_0.version
    from
        accounts a1_0
    where
        a1_0.id=?
2025-08-03 11:54:45.706  INFO 18669 --- [main] c.e.l.c.LedgerControllerIntegrationTest  [] : --- Checking DB state after test ---
Hibernate:
    select
        le1_0.id,
        le1_0.account_id,
        le1_0.amount,
        le1_0.created_at,
        le1_0.transfer_id,
        le1_0.type
    from
        ledger_entries le1_0
Hibernate:
    select
        a1_0.id,
        a1_0.balance,
        a1_0.version
    from
        accounts a1_0
2025-08-03 11:54:45.714  INFO 18669 --- [main] c.e.l.c.LedgerControllerIntegrationTest  [] : Found account: Account(id=3, balance=1000.00, version=0)
2025-08-03 11:54:45.714  INFO 18669 --- [main] c.e.l.c.LedgerControllerIntegrationTest  [] : Found account: Account(id=4, balance=500.00, version=0)
2025-08-03 11:54:45.714  INFO 18669 --- [main] c.e.l.c.LedgerControllerIntegrationTest  [] : --- End of DB state check ---
]]></system-out>
  </testcase>
  <testcase name="applyTransfer_shouldFail_whenInsufficientFunds" classname="com.example.ledgerservice.controller.LedgerControllerIntegrationTest" time="0.026">
    <system-out><![CDATA[Hibernate:
    select
        le1_0.id,
        le1_0.account_id,
        le1_0.amount,
        le1_0.created_at,
        le1_0.transfer_id,
        le1_0.type
    from
        ledger_entries le1_0
Hibernate:
    select
        a1_0.id,
        a1_0.balance,
        a1_0.version
    from
        accounts a1_0
Hibernate:
    delete
    from
        accounts
    where
        id=?
        and version=?
Hibernate:
    delete
    from
        accounts
    where
        id=?
        and version=?
Hibernate:
    insert
    into
        accounts
        (balance, version, id)
    values
        (?, ?, default)
Hibernate:
    insert
    into
        accounts
        (balance, version, id)
    values
        (?, ?, default)
Hibernate:
    select
        a1_0.id,
        a1_0.balance,
        a1_0.version
    from
        accounts a1_0
    where
        a1_0.id=? for update
Hibernate:
    select
        a1_0.id,
        a1_0.balance,
        a1_0.version
    from
        accounts a1_0
    where
        a1_0.id=? for update
2025-08-03 11:54:45.740  INFO 18669 --- [main] c.e.l.c.LedgerControllerIntegrationTest  [] : --- Checking DB state after test ---
Hibernate:
    select
        le1_0.id,
        le1_0.account_id,
        le1_0.amount,
        le1_0.created_at,
        le1_0.transfer_id,
        le1_0.type
    from
        ledger_entries le1_0
Hibernate:
    select
        a1_0.id,
        a1_0.balance,
        a1_0.version
    from
        accounts a1_0
2025-08-03 11:54:45.744  INFO 18669 --- [main] c.e.l.c.LedgerControllerIntegrationTest  [] : Found account: Account(id=5, balance=1000.00, version=0)
2025-08-03 11:54:45.744  INFO 18669 --- [main] c.e.l.c.LedgerControllerIntegrationTest  [] : Found account: Account(id=6, balance=500.00, version=0)
2025-08-03 11:54:45.744  INFO 18669 --- [main] c.e.l.c.LedgerControllerIntegrationTest  [] : --- End of DB state check ---
]]></system-out>
  </testcase>
  <testcase name="createAccount_shouldReturnCreatedAccount" classname="com.example.ledgerservice.controller.LedgerControllerIntegrationTest" time="0.027">
    <system-out><![CDATA[Hibernate:
    select
        le1_0.id,
        le1_0.account_id,
        le1_0.amount,
        le1_0.created_at,
        le1_0.transfer_id,
        le1_0.type
    from
        ledger_entries le1_0
Hibernate:
    select
        a1_0.id,
        a1_0.balance,
        a1_0.version
    from
        accounts a1_0
Hibernate:
    delete
    from
        accounts
    where
        id=?
        and version=?
Hibernate:
    delete
    from
        accounts
    where
        id=?
        and version=?
Hibernate:
    insert
    into
        accounts
        (balance, version, id)
    values
        (?, ?, default)
Hibernate:
    insert
    into
        accounts
        (balance, version, id)
    values
        (?, ?, default)
Hibernate:
    insert
    into
        accounts
        (balance, version, id)
    values
        (?, ?, default)
2025-08-03 11:54:45.766  INFO 18669 --- [main] c.e.l.service.LedgerServiceImpl          [05be1e34-f5c3-4778-9585-62aab08e1161] : Created account with ID: 9
2025-08-03 11:54:45.769  INFO 18669 --- [main] c.e.l.c.LedgerControllerIntegrationTest  [] : --- Checking DB state after test ---
Hibernate:
    select
        le1_0.id,
        le1_0.account_id,
        le1_0.amount,
        le1_0.created_at,
        le1_0.transfer_id,
        le1_0.type
    from
        ledger_entries le1_0
Hibernate:
    select
        a1_0.id,
        a1_0.balance,
        a1_0.version
    from
        accounts a1_0
2025-08-03 11:54:45.773  INFO 18669 --- [main] c.e.l.c.LedgerControllerIntegrationTest  [] : Found account: Account(id=7, balance=1000.00, version=0)
2025-08-03 11:54:45.773  INFO 18669 --- [main] c.e.l.c.LedgerControllerIntegrationTest  [] : Found account: Account(id=8, balance=500.00, version=0)
2025-08-03 11:54:45.773  INFO 18669 --- [main] c.e.l.c.LedgerControllerIntegrationTest  [] : Found account: Account(id=9, balance=250.00, version=0)
2025-08-03 11:54:45.773  INFO 18669 --- [main] c.e.l.c.LedgerControllerIntegrationTest  [] : --- End of DB state check ---
]]></system-out>
  </testcase>
  <testcase name="applyTransfer_shouldSucceedForValidTransfer" classname="com.example.ledgerservice.controller.LedgerControllerIntegrationTest" time="0.031">
    <error message="Request processing failed: org.springframework.transaction.UnexpectedRollbackException: Transaction silently rolled back because it has been marked as rollback-only" type="jakarta.servlet.ServletException"><![CDATA[jakarta.servlet.ServletException: Request processing failed: org.springframework.transaction.UnexpectedRollbackException: Transaction silently rolled back because it has been marked as rollback-only
	at org.springframework.web.servlet.FrameworkServlet.processRequest(FrameworkServlet.java:1022)
	at org.springframework.web.servlet.FrameworkServlet.doPost(FrameworkServlet.java:914)
	at jakarta.servlet.http.HttpServlet.service(HttpServlet.java:590)
	at org.springframework.web.servlet.FrameworkServlet.service(FrameworkServlet.java:885)
	at org.springframework.test.web.servlet.TestDispatcherServlet.service(TestDispatcherServlet.java:72)
	at jakarta.servlet.http.HttpServlet.service(HttpServlet.java:658)
	at org.springframework.mock.web.MockFilterChain$ServletFilterProxy.doFilter(MockFilterChain.java:165)
	at org.springframework.mock.web.MockFilterChain.doFilter(MockFilterChain.java:132)
	at com.example.ledgerservice.filter.RequestCorrelationFilter.doFilterInternal(RequestCorrelationFilter.java:29)
	at org.springframework.web.filter.OncePerRequestFilter.doFilter(OncePerRequestFilter.java:116)
	at org.springframework.test.web.servlet.setup.MockMvcFilterDecorator.doFilter(MockMvcFilterDecorator.java:151)
	at org.springframework.mock.web.MockFilterChain.doFilter(MockFilterChain.java:132)
	at org.springframework.web.filter.RequestContextFilter.doFilterInternal(RequestContextFilter.java:100)
	at org.springframework.web.filter.OncePerRequestFilter.doFilter(OncePerRequestFilter.java:116)
	at org.springframework.test.web.servlet.setup.MockMvcFilterDecorator.doFilter(MockMvcFilterDecorator.java:151)
	at org.springframework.mock.web.MockFilterChain.doFilter(MockFilterChain.java:132)
	at org.springframework.web.filter.FormContentFilter.doFilterInternal(FormContentFilter.java:93)
	at org.springframework.web.filter.OncePerRequestFilter.doFilter(OncePerRequestFilter.java:116)
	at org.springframework.test.web.servlet.setup.MockMvcFilterDecorator.doFilter(MockMvcFilterDecorator.java:151)
	at org.springframework.mock.web.MockFilterChain.doFilter(MockFilterChain.java:132)
	at org.springframework.web.filter.ServerHttpObservationFilter.doFilterInternal(ServerHttpObservationFilter.java:109)
	at org.springframework.web.filter.OncePerRequestFilter.doFilter(OncePerRequestFilter.java:116)
	at org.springframework.test.web.servlet.setup.MockMvcFilterDecorator.doFilter(MockMvcFilterDecorator.java:151)
	at org.springframework.mock.web.MockFilterChain.doFilter(MockFilterChain.java:132)
	at org.springframework.web.filter.CharacterEncodingFilter.doFilterInternal(CharacterEncodingFilter.java:201)
	at org.springframework.web.filter.OncePerRequestFilter.doFilter(OncePerRequestFilter.java:116)
	at org.springframework.test.web.servlet.setup.MockMvcFilterDecorator.doFilter(MockMvcFilterDecorator.java:151)
	at org.springframework.mock.web.MockFilterChain.doFilter(MockFilterChain.java:132)
	at org.springframework.test.web.servlet.MockMvc.perform(MockMvc.java:201)
	at com.example.ledgerservice.controller.LedgerControllerIntegrationTest.applyTransfer_shouldSucceedForValidTransfer(LedgerControllerIntegrationTest.java:90)
	at java.base/java.lang.reflect.Method.invoke(Method.java:580)
	at java.base/java.util.ArrayList.forEach(ArrayList.java:1596)
	at java.base/java.util.ArrayList.forEach(ArrayList.java:1596)
Caused by: org.springframework.transaction.UnexpectedRollbackException: Transaction silently rolled back because it has been marked as rollback-only
	at org.springframework.transaction.support.AbstractPlatformTransactionManager.processCommit(AbstractPlatformTransactionManager.java:803)
	at org.springframework.transaction.support.AbstractPlatformTransactionManager.commit(AbstractPlatformTransactionManager.java:757)
	at org.springframework.transaction.interceptor.TransactionAspectSupport.commitTransactionAfterReturning(TransactionAspectSupport.java:676)
	at org.springframework.transaction.interceptor.TransactionAspectSupport.invokeWithinTransaction(TransactionAspectSupport.java:426)
	at org.springframework.transaction.interceptor.TransactionInterceptor.invoke(TransactionInterceptor.java:119)
	at org.springframework.aop.framework.ReflectiveMethodInvocation.proceed(ReflectiveMethodInvocation.java:184)
	at org.springframework.aop.framework.CglibAopProxy$CglibMethodInvocation.proceed(CglibAopProxy.java:768)
	at org.springframework.aop.framework.CglibAopProxy$DynamicAdvisedInterceptor.intercept(CglibAopProxy.java:720)
	at com.example.ledgerservice.service.LedgerServiceImpl$$SpringCGLIB$$0.applyTransfer(<generated>)
	at com.example.ledgerservice.controller.LedgerController.applyTransfer(LedgerController.java:44)
	at java.base/jdk.internal.reflect.DirectMethodHandleAccessor.invoke(DirectMethodHandleAccessor.java:103)
	at java.base/java.lang.reflect.Method.invoke(Method.java:580)
	at org.springframework.web.method.support.InvocableHandlerMethod.doInvoke(InvocableHandlerMethod.java:255)
	at org.springframework.web.method.support.InvocableHandlerMethod.invokeForRequest(InvocableHandlerMethod.java:188)
	at org.springframework.web.servlet.mvc.method.annotation.ServletInvocableHandlerMethod.invokeAndHandle(ServletInvocableHandlerMethod.java:118)
	at org.springframework.web.servlet.mvc.method.annotation.RequestMappingHandlerAdapter.invokeHandlerMethod(RequestMappingHandlerAdapter.java:926)
	at org.springframework.web.servlet.mvc.method.annotation.RequestMappingHandlerAdapter.handleInternal(RequestMappingHandlerAdapter.java:831)
	at org.springframework.web.servlet.mvc.method.AbstractHandlerMethodAdapter.handle(AbstractHandlerMethodAdapter.java:87)
	at org.springframework.web.servlet.DispatcherServlet.doDispatch(DispatcherServlet.java:1089)
	at org.springframework.web.servlet.DispatcherServlet.doService(DispatcherServlet.java:979)
	at org.springframework.web.servlet.FrameworkServlet.processRequest(FrameworkServlet.java:1014)
	... 32 more
]]></error>
    <system-out><![CDATA[Hibernate:
    select
        le1_0.id,
        le1_0.account_id,
        le1_0.amount,
        le1_0.created_at,
        le1_0.transfer_id,
        le1_0.type
    from
        ledger_entries le1_0
Hibernate:
    select
        a1_0.id,
        a1_0.balance,
        a1_0.version
    from
        accounts a1_0
Hibernate:
    delete
    from
        accounts
    where
        id=?
        and version=?
Hibernate:
    delete
    from
        accounts
    where
        id=?
        and version=?
Hibernate:
    delete
    from
        accounts
    where
        id=?
        and version=?
Hibernate:
    insert
    into
        accounts
        (balance, version, id)
    values
        (?, ?, default)
Hibernate:
    insert
    into
        accounts
        (balance, version, id)
    values
        (?, ?, default)
Hibernate:
    select
        a1_0.id,
        a1_0.balance,
        a1_0.version
    from
        accounts a1_0
    where
        a1_0.id=? for update
Hibernate:
    select
        a1_0.id,
        a1_0.balance,
        a1_0.version
    from
        accounts a1_0
    where
        a1_0.id=? for update
Hibernate:
    insert
    into
        ledger_entries
        (account_id, amount, created_at, transfer_id, type, id)
    values
        (?, ?, ?, ?, ?, default)
Hibernate:
    insert
    into
        ledger_entries
        (account_id, amount, created_at, transfer_id, type, id)
    values
        (?, ?, ?, ?, ?, default)
2025-08-03 11:54:45.797  WARN 18669 --- [main] o.h.engine.jdbc.spi.SqlExceptionHelper   [6863f3f3-06eb-4bfa-9243-ba7f9a6b46b7] : SQL Error: 23505, SQLState: 23505
2025-08-03 11:54:45.797 ERROR 18669 --- [main] o.h.engine.jdbc.spi.SqlExceptionHelper   [6863f3f3-06eb-4bfa-9243-ba7f9a6b46b7] : Unique index or primary key violation: "PUBLIC.IDX_TRANSFER_ID_INDEX_5 ON PUBLIC.LEDGER_ENTRIES(TRANSFER_ID NULLS FIRST) VALUES ( /* 3 */ 'tx-integration-1' )"; SQL statement:
insert into ledger_entries (account_id,amount,created_at,transfer_id,type,id) values (?,?,?,?,?,default) [23505-224]
2025-08-03 11:54:45.797  WARN 18669 --- [main] c.e.l.service.LedgerServiceImpl          [6863f3f3-06eb-4bfa-9243-ba7f9a6b46b7] : Idempotent retry for transfer ID: tx-integration-1. This is expected and will be suppressed.
2025-08-03 11:54:45.799  INFO 18669 --- [main] c.e.l.c.LedgerControllerIntegrationTest  [] : --- Checking DB state after test ---
Hibernate:
    select
        le1_0.id,
        le1_0.account_id,
        le1_0.amount,
        le1_0.created_at,
        le1_0.transfer_id,
        le1_0.type
    from
        ledger_entries le1_0
Hibernate:
    select
        a1_0.id,
        a1_0.balance,
        a1_0.version
    from
        accounts a1_0
2025-08-03 11:54:45.804  INFO 18669 --- [main] c.e.l.c.LedgerControllerIntegrationTest  [] : Found account: Account(id=10, balance=1000.00, version=0)
2025-08-03 11:54:45.804  INFO 18669 --- [main] c.e.l.c.LedgerControllerIntegrationTest  [] : Found account: Account(id=11, balance=500.00, version=0)
2025-08-03 11:54:45.804  INFO 18669 --- [main] c.e.l.c.LedgerControllerIntegrationTest  [] : --- End of DB state check ---
]]></system-out>
  </testcase>
</testsuite>