<?xml version="1.0" encoding="UTF-8"?>
<testsuite xmlns:xsi="http://www.w3.org/2001/XMLSchema-instance" xsi:noNamespaceSchemaLocation="https://maven.apache.org/surefire/maven-surefire-plugin/xsd/surefire-test-report-3.0.xsd" version="3.0" name="com.example.transferservice.controller.TransferControllerIntegrationTest" time="10.489" tests="2" errors="0" skipped="0" failures="0">
  <properties>
[...]
</properties>
  <testcase name="createTransfer_shouldBeIdempotent" classname="com.example.transferservice.controller.TransferControllerIntegrationTest" time="1.136">
    <system-out><![CDATA[11:56:37.321 [main] INFO org.springframework.test.context.support.AnnotationConfigContextLoaderUtils -- Could not detect default configuration classes for test class [com.example.transferservice.controller.TransferControllerIntegrationTest]: TransferControllerIntegrationTest does not declare any static, non-private, non-final, nested classes annotated with @Configuration.
11:56:37.478 [main] INFO org.springframework.boot.test.context.SpringBootTestContextBootstrapper -- Found @SpringBootConfiguration com.example.transferservice.TransferServiceApplication for test class com.example.transferservice.controller.TransferControllerIntegrationTest

  .   ____          _            __ _ _
 /\\ / ___'_ __ _ _(_)_ __  __ _ \ \ \ \
( ( )\___ | '_ | '_| | '_ \/ _` | \ \ \ \
 \\/  ___)| |_)| | | | | || (_| |  ) ) ) )
  '  |____| .__|_| |_|_| |_\__, | / / / /
 =========|_|==============|___/=/_/_/_/
 :: Spring Boot ::                (v3.2.5)

2025-08-03 11:56:38.612  INFO 19662 --- [main] .e.t.c.TransferControllerIntegrationTest [] : Starting TransferControllerIntegrationTest using Java 21.0.8 with PID 19662 (started by jules in /app/transfer-service)
2025-08-03 11:56:38.613  INFO 19662 --- [main] .e.t.c.TransferControllerIntegrationTest [] : No active profile set, falling back to 1 default profile: "default"
2025-08-03 11:56:39.885  INFO 19662 --- [main] .s.d.r.c.RepositoryConfigurationDelegate [] : Bootstrapping Spring Data JPA repositories in DEFAULT mode.
2025-08-03 11:56:40.005  INFO 19662 --- [main] .s.d.r.c.RepositoryConfigurationDelegate [] : Finished Spring Data repository scanning in 112 ms. Found 2 JPA repository interfaces.
2025-08-03 11:56:41.165  INFO 19662 --- [main] o.hibernate.jpa.internal.util.LogHelper  [] : HHH000204: Processing PersistenceUnitInfo [name: default]
2025-08-03 11:56:41.219  INFO 19662 --- [main] org.hibernate.Version                    [] : HHH000412: Hibernate ORM core version 6.4.4.Final
2025-08-03 11:56:41.252  INFO 19662 --- [main] o.h.c.internal.RegionFactoryInitiator    [] : HHH000026: Second-level cache disabled
2025-08-03 11:56:41.355  INFO 19662 --- [main] o.s.o.j.p.SpringPersistenceUnitInfo      [] : No LoadTimeWeaver setup: ignoring JPA class transformer
2025-08-03 11:56:41.392  INFO 19662 --- [main] com.zaxxer.hikari.HikariDataSource       [] : HikariPool-1 - Starting...
2025-08-03 11:56:41.582  INFO 19662 --- [main] com.zaxxer.hikari.pool.HikariPool        [] : HikariPool-1 - Added connection conn0: url=jdbc:h2:mem:transferdb user=SA
2025-08-03 11:56:41.584  INFO 19662 --- [main] com.zaxxer.hikari.HikariDataSource       [] : HikariPool-1 - Start completed.
2025-08-03 11:56:41.610  WARN 19662 --- [main] org.hibernate.orm.deprecation            [] : HHH90000025: H2Dialect does not need to be specified explicitly using 'hibernate.dialect' (remove the property setting and it will be selected by default)
2025-08-03 11:56:42.390  INFO 19662 --- [main] o.h.e.t.j.p.i.JtaPlatformInitiator       [] : HHH000489: No JTA platform available (set 'hibernate.transaction.jta.platform' to enable JTA platform integration)
Hibernate:
    create table idempotency_keys (
        idempotency_key uuid not null,
        expiry_at timestamp(6) not null,
        response_body varchar(255) not null,
        response_status_code integer not null,
        primary key (idempotency_key)
    )
Hibernate:
    create table transfers (
        id uuid not null,
        amount numeric(38,2) not null,
        created_at timestamp(6) not null,
        from_account_id bigint not null,
        status varchar(255) not null check (status in ('PENDING','PROCESSING','COMPLETED','FAILED')),
        to_account_id bigint not null,
        primary key (id)
    )
2025-08-03 11:56:42.455  INFO 19662 --- [main] j.LocalContainerEntityManagerFactoryBean [] : Initialized JPA EntityManagerFactory for persistence unit 'default'
2025-08-03 11:56:44.295  WARN 19662 --- [main] JpaBaseConfiguration$JpaWebConfiguration [] : spring.jpa.open-in-view is enabled by default. Therefore, database queries may be performed during view rendering. Explicitly configure spring.jpa.open-in-view to disable this warning
2025-08-03 11:56:46.054  INFO 19662 --- [main] o.s.b.a.h2.H2ConsoleAutoConfiguration    [] : H2 console available at '/h2-console-transfers'. Database available at 'jdbc:h2:mem:transferdb'
2025-08-03 11:56:46.180  INFO 19662 --- [main] o.s.b.t.m.w.SpringBootMockServletContext [] : Initializing Spring TestDispatcherServlet ''
2025-08-03 11:56:46.181  INFO 19662 --- [main] o.s.t.web.servlet.TestDispatcherServlet  [] : Initializing Servlet ''
2025-08-03 11:56:46.199  INFO 19662 --- [main] o.s.b.a.e.web.EndpointLinksResolver      [] : Exposing 3 endpoint(s) beneath base path '/actuator'
2025-08-03 11:56:46.230  INFO 19662 --- [main] o.s.t.web.servlet.TestDispatcherServlet  [] : Completed initialization in 48 ms
2025-08-03 11:56:46.348  INFO 19662 --- [main] .e.t.c.TransferControllerIntegrationTest [] : Started TransferControllerIntegrationTest in 8.124 seconds (process running for 11.914)
Hibernate:
    select
        t1_0.id,
        t1_0.amount,
        t1_0.created_at,
        t1_0.from_account_id,
        t1_0.status,
        t1_0.to_account_id
    from
        transfers t1_0
Hibernate:
    select
        ik1_0.idempotency_key,
        ik1_0.expiry_at,
        ik1_0.response_body,
        ik1_0.response_status_code
    from
        idempotency_keys ik1_0
Hibernate:
    select
        ik1_0.idempotency_key,
        ik1_0.expiry_at,
        ik1_0.response_body,
        ik1_0.response_status_code
    from
        idempotency_keys ik1_0
    where
        ik1_0.idempotency_key=?
Hibernate:
    select
        ik1_0.idempotency_key,
        ik1_0.expiry_at,
        ik1_0.response_body,
        ik1_0.response_status_code
    from
        idempotency_keys ik1_0
    where
        ik1_0.idempotency_key=?
Hibernate:
    insert
    into
        transfers
        (amount, created_at, from_account_id, status, to_account_id, id)
    values
        (?, ?, ?, ?, ?, ?)
Hibernate:
    insert
    into
        idempotency_keys
        (expiry_at, response_body, response_status_code, idempotency_key)
    values
        (?, ?, ?, ?)
Hibernate:
    update
        transfers
    set
        amount=?,
        from_account_id=?,
        status=?,
        to_account_id=?
    where
        id=?
Hibernate:
    select
        ik1_0.idempotency_key,
        ik1_0.expiry_at,
        ik1_0.response_body,
        ik1_0.response_status_code
    from
        idempotency_keys ik1_0
    where
        ik1_0.idempotency_key=?
2025-08-03 11:56:47.565  WARN 19662 --- [main] c.e.t.service.TransferServiceImpl        [9763110e-dd0c-4bec-a132-f54b8fa189c7] : Idempotent key 20f4e532-e672-4d0b-85e0-5fcdeb31a405 already processed. Returning original response.
]]></system-out>
  </testcase>
  <testcase name="createTransfer_shouldSucceedOnHappyPath" classname="com.example.transferservice.controller.TransferControllerIntegrationTest" time="0.049">
    <system-out><![CDATA[Hibernate:
    select
        t1_0.id,
        t1_0.amount,
        t1_0.created_at,
        t1_0.from_account_id,
        t1_0.status,
        t1_0.to_account_id
    from
        transfers t1_0
Hibernate:
    delete
    from
        transfers
    where
        id=?
Hibernate:
    select
        ik1_0.idempotency_key,
        ik1_0.expiry_at,
        ik1_0.response_body,
        ik1_0.response_status_code
    from
        idempotency_keys ik1_0
Hibernate:
    delete
    from
        idempotency_keys
    where
        idempotency_key=?
Hibernate:
    select
        ik1_0.idempotency_key,
        ik1_0.expiry_at,
        ik1_0.response_body,
        ik1_0.response_status_code
    from
        idempotency_keys ik1_0
    where
        ik1_0.idempotency_key=?
Hibernate:
    select
        ik1_0.idempotency_key,
        ik1_0.expiry_at,
        ik1_0.response_body,
        ik1_0.response_status_code
    from
        idempotency_keys ik1_0
    where
        ik1_0.idempotency_key=?
Hibernate:
    insert
    into
        transfers
        (amount, created_at, from_account_id, status, to_account_id, id)
    values
        (?, ?, ?, ?, ?, ?)
Hibernate:
    insert
    into
        idempotency_keys
        (expiry_at, response_body, response_status_code, idempotency_key)
    values
        (?, ?, ?, ?)
Hibernate:
    update
        transfers
    set
        amount=?,
        from_account_id=?,
        status=?,
        to_account_id=?
    where
        id=?
]]></system-out>
  </testcase>
</testsuite>